<?xml version="1.0" encoding="utf-8"?><testsuites name="pytest tests"><testsuite name="pytest" errors="0" failures="0" skipped="0" tests="8" time="1.940" timestamp="2026-04-04T15:36:19.527984+00:00" hostname="agent-env-63098338-37dc-493f-ae49-bb71c2cb7c02"><testcase classname="backend.tests.test_devis_api.TestDevisAPI" name="test_health_check" time="0.178" /><testcase classname="backend.tests.test_devis_api.TestDevisAPI" name="test_create_devis_success" time="0.111" /><testcase classname="backend.tests.test_devis_api.TestDevisAPI" name="test_create_devis_minimal_fields" time="0.120" /><testcase classname="backend.tests.test_devis_api.TestDevisAPI" name="test_create_devis_missing_required_field" time="0.111" /><testcase classname="backend.tests.test_devis_api.TestDevisAPI" name="test_get_devis_list" time="0.149" /><testcase classname="backend.tests.test_devis_api.TestDevisAPI" name="test_all_project_types" time="0.822" /><testcase classname="backend.tests.test_devis_api.TestStatusAPI" name="test_create_status" time="0.111" /><testcase classname="backend.tests.test_devis_api.TestStatusAPI" name="test_get_status_list" time="0.130" /></testsuite></testsuites>